{
  "stats": {
    "suites": 3,
    "tests": 13,
    "passes": 13,
    "pending": 0,
    "failures": 0,
    "start": "2024-03-05T16:01:26.623Z",
    "end": "2024-03-05T16:01:30.041Z",
    "duration": 3418,
    "testsRegistered": 13,
    "passPercent": 100,
    "pendingPercent": 0,
    "other": 0,
    "hasOther": false,
    "skipped": 0,
    "hasSkipped": false
  },
  "results": [
    {
      "uuid": "9af59a1a-cec7-4d82-9490-1a62c7682ae4",
      "title": "",
      "fullFile": "",
      "file": "",
      "beforeHooks": [],
      "afterHooks": [],
      "tests": [],
      "suites": [
        {
          "uuid": "7f4a7348-4cec-448a-9df2-41ea8502e993",
          "title": "Second our new test",
          "fullFile": "C:\\Users\\Yauhen_Bialetski\\WebstormProjects\\it-academy-24-1\\lesson_15\\test\\testNew.spec.js",
          "file": "\\test\\testNew.spec.js",
          "beforeHooks": [
            {
              "title": "\"before all\" hook in \"Second our new test\"",
              "fullTitle": "Second our new test \"before all\" hook in \"Second our new test\"",
              "timedOut": null,
              "duration": 3,
              "state": null,
              "speed": null,
              "pass": false,
              "fail": false,
              "pending": null,
              "context": null,
              "code": "console.log('Before Second')",
              "err": {},
              "uuid": "b968e3b6-fb48-4bfb-ade9-5baa3dc515c3",
              "parentUUID": null,
              "isHook": true,
              "skipped": false
            },
            {
              "title": "\"before each\" hook in \"Second our new test\"",
              "fullTitle": "Second our new test \"before each\" hook in \"Second our new test\"",
              "timedOut": null,
              "duration": 0,
              "state": null,
              "speed": null,
              "pass": false,
              "fail": false,
              "pending": null,
              "context": null,
              "code": "console.log('Before Each Second')",
              "err": {},
              "uuid": "d7bbbcff-8598-4ee1-ba84-ab707499dc40",
              "parentUUID": null,
              "isHook": true,
              "skipped": false
            }
          ],
          "afterHooks": [
            {
              "title": "\"after all\" hook in \"Second our new test\"",
              "fullTitle": "Second our new test \"after all\" hook in \"Second our new test\"",
              "timedOut": null,
              "duration": 1,
              "state": null,
              "speed": null,
              "pass": false,
              "fail": false,
              "pending": null,
              "context": null,
              "code": "console.log('After Second')",
              "err": {},
              "uuid": "92770773-04be-4190-ac43-a823cdb6e0f9",
              "parentUUID": null,
              "isHook": true,
              "skipped": false
            },
            {
              "title": "\"after each\" hook in \"Second our new test\"",
              "fullTitle": "Second our new test \"after each\" hook in \"Second our new test\"",
              "timedOut": null,
              "duration": 0,
              "state": null,
              "speed": null,
              "pass": false,
              "fail": false,
              "pending": null,
              "context": null,
              "code": "console.log('After Each Second')",
              "err": {},
              "uuid": "04725e98-dba3-41bb-9110-10d2e060bdbb",
              "parentUUID": null,
              "isHook": true,
              "skipped": false
            }
          ],
          "tests": [
            {
              "title": "should 10 equal 10 Second",
              "fullTitle": "Second our new test should 10 equal 10 Second",
              "timedOut": null,
              "duration": 1,
              "state": "passed",
              "speed": "fast",
              "pass": true,
              "fail": false,
              "pending": false,
              "context": null,
              "code": "expect(10).to.equal(10)\nconsole.log('first test')",
              "err": {},
              "uuid": "1bd4f536-253d-4206-bc44-183009f073d6",
              "parentUUID": null,
              "isHook": false,
              "skipped": false
            },
            {
              "title": "should return \"Hello Dasha!\" if attribute not pass in function Second",
              "fullTitle": "Second our new test should return \"Hello Dasha!\" if attribute not pass in function Second",
              "timedOut": null,
              "duration": 0,
              "state": "passed",
              "speed": "fast",
              "pass": true,
              "fail": false,
              "pending": false,
              "context": null,
              "code": "const result = greet();\nexpect(result).to.equal(\"Hello Dasha!\")",
              "err": {},
              "uuid": "70318b39-e862-4ab1-82da-4e1b70996868",
              "parentUUID": null,
              "isHook": false,
              "skipped": false
            },
            {
              "title": "should return \"Hello Igor!\" Second",
              "fullTitle": "Second our new test should return \"Hello Igor!\" Second",
              "timedOut": null,
              "duration": 1,
              "state": "passed",
              "speed": "fast",
              "pass": true,
              "fail": false,
              "pending": false,
              "context": null,
              "code": "const result = greet('Igor');\nexpect(result).to.equal(\"Hello Igor!\")",
              "err": {},
              "uuid": "b252308d-36bc-4117-b0b5-c12be649e150",
              "parentUUID": null,
              "isHook": false,
              "skipped": false
            }
          ],
          "suites": [],
          "passes": [
            "1bd4f536-253d-4206-bc44-183009f073d6",
            "70318b39-e862-4ab1-82da-4e1b70996868",
            "b252308d-36bc-4117-b0b5-c12be649e150"
          ],
          "failures": [],
          "pending": [],
          "skipped": [],
          "duration": 2,
          "root": false,
          "rootEmpty": false,
          "_timeout": null
        },
        {
          "uuid": "c3bb3bbc-60f2-4a41-94c2-6c443594e1be",
          "title": "Third our new test",
          "fullFile": "C:\\Users\\Yauhen_Bialetski\\WebstormProjects\\it-academy-24-1\\lesson_15\\test\\testThird.spec.js",
          "file": "\\test\\testThird.spec.js",
          "beforeHooks": [
            {
              "title": "\"before all\" hook in \"Third our new test\"",
              "fullTitle": "Third our new test \"before all\" hook in \"Third our new test\"",
              "timedOut": null,
              "duration": 1,
              "state": null,
              "speed": null,
              "pass": false,
              "fail": false,
              "pending": null,
              "context": null,
              "code": "console.log('Before Third')",
              "err": {},
              "uuid": "e744b6a5-84c9-4402-b089-35cd07ac4ddb",
              "parentUUID": null,
              "isHook": true,
              "skipped": false
            },
            {
              "title": "\"before each\" hook in \"Third our new test\"",
              "fullTitle": "Third our new test \"before each\" hook in \"Third our new test\"",
              "timedOut": null,
              "duration": 0,
              "state": null,
              "speed": null,
              "pass": false,
              "fail": false,
              "pending": null,
              "context": null,
              "code": "console.log('Before Each Third')",
              "err": {},
              "uuid": "ea318332-cef7-4dc2-8622-36d9a22e03ac",
              "parentUUID": null,
              "isHook": true,
              "skipped": false
            }
          ],
          "afterHooks": [
            {
              "title": "\"after all\" hook in \"Third our new test\"",
              "fullTitle": "Third our new test \"after all\" hook in \"Third our new test\"",
              "timedOut": null,
              "duration": 0,
              "state": null,
              "speed": null,
              "pass": false,
              "fail": false,
              "pending": null,
              "context": null,
              "code": "console.log('After Third')",
              "err": {},
              "uuid": "2cda9311-3907-41d6-8946-8fe43425de58",
              "parentUUID": null,
              "isHook": true,
              "skipped": false
            },
            {
              "title": "\"after each\" hook in \"Third our new test\"",
              "fullTitle": "Third our new test \"after each\" hook in \"Third our new test\"",
              "timedOut": null,
              "duration": 1,
              "state": null,
              "speed": null,
              "pass": false,
              "fail": false,
              "pending": null,
              "context": null,
              "code": "console.log('After Each Third')",
              "err": {},
              "uuid": "b971598a-5ce0-416f-b583-03552d81057c",
              "parentUUID": null,
              "isHook": true,
              "skipped": false
            }
          ],
          "tests": [
            {
              "title": "should 10 equal 10 Third",
              "fullTitle": "Third our new test should 10 equal 10 Third",
              "timedOut": null,
              "duration": 1,
              "state": "passed",
              "speed": "fast",
              "pass": true,
              "fail": false,
              "pending": false,
              "context": null,
              "code": "expect(10).to.equal(10)\nconsole.log('first test')",
              "err": {},
              "uuid": "5c236092-ada6-458b-bd94-b0eea5b5b082",
              "parentUUID": null,
              "isHook": false,
              "skipped": false
            },
            {
              "title": "should return \"Hello Dasha!\" if attribute not pass in function Third",
              "fullTitle": "Third our new test should return \"Hello Dasha!\" if attribute not pass in function Third",
              "timedOut": null,
              "duration": 0,
              "state": "passed",
              "speed": "fast",
              "pass": true,
              "fail": false,
              "pending": false,
              "context": null,
              "code": "const result = greet();\nexpect(result).to.equal(\"Hello Dasha!\")",
              "err": {},
              "uuid": "1b0c545b-2249-45ab-b6a3-f2db6138a2e3",
              "parentUUID": null,
              "isHook": false,
              "skipped": false
            },
            {
              "title": "should return \"Hello Igor!\" Third",
              "fullTitle": "Third our new test should return \"Hello Igor!\" Third",
              "timedOut": null,
              "duration": 0,
              "state": "passed",
              "speed": "fast",
              "pass": true,
              "fail": false,
              "pending": false,
              "context": null,
              "code": "const result = greet('Igor');\nexpect(result).to.equal(\"Hello Igor!\")",
              "err": {},
              "uuid": "fab5f957-4eec-4914-9118-d4a58f8e50a4",
              "parentUUID": null,
              "isHook": false,
              "skipped": false
            }
          ],
          "suites": [],
          "passes": [
            "5c236092-ada6-458b-bd94-b0eea5b5b082",
            "1b0c545b-2249-45ab-b6a3-f2db6138a2e3",
            "fab5f957-4eec-4914-9118-d4a58f8e50a4"
          ],
          "failures": [],
          "pending": [],
          "skipped": [],
          "duration": 1,
          "root": false,
          "rootEmpty": false,
          "_timeout": null
        },
        {
          "uuid": "2d1ae372-4f69-472b-91d5-d76095c1bf32",
          "title": "our new test",
          "fullFile": "C:\\Users\\Yauhen_Bialetski\\WebstormProjects\\it-academy-24-1\\lesson_15\\test\\test.spec.js",
          "file": "\\test\\test.spec.js",
          "beforeHooks": [
            {
              "title": "\"before all\" hook in \"our new test\"",
              "fullTitle": "our new test \"before all\" hook in \"our new test\"",
              "timedOut": null,
              "duration": 2,
              "state": null,
              "speed": null,
              "pass": false,
              "fail": false,
              "pending": null,
              "context": null,
              "code": "console.log('Before')",
              "err": {},
              "uuid": "cd2777e5-525b-4515-b937-090b76839387",
              "parentUUID": null,
              "isHook": true,
              "skipped": false
            },
            {
              "title": "\"before each\" hook in \"our new test\"",
              "fullTitle": "our new test \"before each\" hook in \"our new test\"",
              "timedOut": null,
              "duration": 1,
              "state": null,
              "speed": null,
              "pass": false,
              "fail": false,
              "pending": null,
              "context": null,
              "code": "console.log('Before Each')",
              "err": {},
              "uuid": "8c514d72-941d-40dd-b59d-301edb36d9b8",
              "parentUUID": null,
              "isHook": true,
              "skipped": false
            }
          ],
          "afterHooks": [
            {
              "title": "\"after all\" hook in \"our new test\"",
              "fullTitle": "our new test \"after all\" hook in \"our new test\"",
              "timedOut": null,
              "duration": 1,
              "state": null,
              "speed": null,
              "pass": false,
              "fail": false,
              "pending": null,
              "context": null,
              "code": "console.log('After')",
              "err": {},
              "uuid": "eea5a67d-d4d1-4ea0-93f3-45a2f6711ab8",
              "parentUUID": null,
              "isHook": true,
              "skipped": false
            },
            {
              "title": "\"after each\" hook in \"our new test\"",
              "fullTitle": "our new test \"after each\" hook in \"our new test\"",
              "timedOut": null,
              "duration": 0,
              "state": null,
              "speed": null,
              "pass": false,
              "fail": false,
              "pending": null,
              "context": null,
              "code": "console.log('After Each')",
              "err": {},
              "uuid": "888a6df8-02d5-450f-b99a-63602da88085",
              "parentUUID": null,
              "isHook": true,
              "skipped": false
            }
          ],
          "tests": [
            {
              "title": "should 10 equal 10",
              "fullTitle": "our new test should 10 equal 10",
              "timedOut": null,
              "duration": 1,
              "state": "passed",
              "speed": "fast",
              "pass": true,
              "fail": false,
              "pending": false,
              "context": null,
              "code": "expect(10).to.equal(10)\nconsole.log('first test')",
              "err": {},
              "uuid": "64982e7f-6366-4bb0-b23d-06dc0061e94a",
              "parentUUID": null,
              "isHook": false,
              "skipped": false
            },
            {
              "title": "should return \"Hello Dasha!\" if attribute not pass in function",
              "fullTitle": "our new test should return \"Hello Dasha!\" if attribute not pass in function",
              "timedOut": null,
              "duration": 3014,
              "state": "passed",
              "speed": "slow",
              "pass": true,
              "fail": false,
              "pending": false,
              "context": null,
              "code": "const res = await pause()\nconst result = greet('Dasha');\nexpect(result).to.equal(\"Hello Dasha!\")",
              "err": {},
              "uuid": "56c0721a-ebe4-441f-a85f-b72c0bda3cd0",
              "parentUUID": null,
              "isHook": false,
              "skipped": false
            },
            {
              "title": "should return \"Hello Igor!\"",
              "fullTitle": "our new test should return \"Hello Igor!\"",
              "timedOut": null,
              "duration": 0,
              "state": "passed",
              "speed": "fast",
              "pass": true,
              "fail": false,
              "pending": false,
              "context": null,
              "code": "const result = greet('Igor');\nexpect(result).to.equal(\"Hello Igor!\")",
              "err": {},
              "uuid": "d95ba703-b527-4794-9921-65be3204adb2",
              "parentUUID": null,
              "isHook": false,
              "skipped": false
            },
            {
              "title": "should return Hello Dasha!",
              "fullTitle": "our new test should return Hello Dasha!",
              "timedOut": null,
              "duration": 0,
              "state": "passed",
              "speed": "fast",
              "pass": true,
              "fail": false,
              "pending": false,
              "context": null,
              "code": "const result = greet(testData.value);\nexpect(result).to.equal(testData.result)",
              "err": {},
              "uuid": "827a4c04-850e-4a6f-9aaf-624f1ad35d89",
              "parentUUID": null,
              "isHook": false,
              "skipped": false
            },
            {
              "title": "should return Hello Dasha!",
              "fullTitle": "our new test should return Hello Dasha!",
              "timedOut": null,
              "duration": 0,
              "state": "passed",
              "speed": "fast",
              "pass": true,
              "fail": false,
              "pending": false,
              "context": null,
              "code": "const result = greet(testData.value);\nexpect(result).to.equal(testData.result)",
              "err": {},
              "uuid": "ef72ec42-273f-4649-9b79-bcde23fe2145",
              "parentUUID": null,
              "isHook": false,
              "skipped": false
            },
            {
              "title": "should return Hello null!",
              "fullTitle": "our new test should return Hello null!",
              "timedOut": null,
              "duration": 0,
              "state": "passed",
              "speed": "fast",
              "pass": true,
              "fail": false,
              "pending": false,
              "context": null,
              "code": "const result = greet(testData.value);\nexpect(result).to.equal(testData.result)",
              "err": {},
              "uuid": "6a11e225-618c-4c78-a708-4c2c340b6188",
              "parentUUID": null,
              "isHook": false,
              "skipped": false
            },
            {
              "title": "should return Hello Igor!",
              "fullTitle": "our new test should return Hello Igor!",
              "timedOut": null,
              "duration": 0,
              "state": "passed",
              "speed": "fast",
              "pass": true,
              "fail": false,
              "pending": false,
              "context": null,
              "code": "const result = greet(testData.value);\nexpect(result).to.equal(testData.result)",
              "err": {},
              "uuid": "84a92707-80a1-495e-99e9-eaa11a59ceb9",
              "parentUUID": null,
              "isHook": false,
              "skipped": false
            }
          ],
          "suites": [],
          "passes": [
            "64982e7f-6366-4bb0-b23d-06dc0061e94a",
            "56c0721a-ebe4-441f-a85f-b72c0bda3cd0",
            "d95ba703-b527-4794-9921-65be3204adb2",
            "827a4c04-850e-4a6f-9aaf-624f1ad35d89",
            "ef72ec42-273f-4649-9b79-bcde23fe2145",
            "6a11e225-618c-4c78-a708-4c2c340b6188",
            "84a92707-80a1-495e-99e9-eaa11a59ceb9"
          ],
          "failures": [],
          "pending": [],
          "skipped": [],
          "duration": 3015,
          "root": false,
          "rootEmpty": false,
          "_timeout": null
        }
      ],
      "passes": [],
      "failures": [],
      "pending": [],
      "skipped": [],
      "duration": 0,
      "root": true,
      "rootEmpty": true,
      "_timeout": 5000
    }
  ],
  "meta": {
    "mocha": {
      "version": "10.3.0"
    },
    "mochawesome": {
      "options": {
        "quiet": false,
        "reportFilename": "mochawesome",
        "saveHtml": true,
        "saveJson": true,
        "consoleReporter": "spec",
        "useInlineDiffs": false,
        "code": true
      },
      "version": "7.1.3"
    },
    "marge": {
      "options": null,
      "version": "6.2.0"
    }
  }
}