<?xml version="1.0" encoding="UTF-8"?>
<coverage generated="1709656618228" clover="3.2.0">
  <project timestamp="1709656618228" name="All files">
    <metrics statements="17" coveredstatements="14" conditionals="4" coveredconditionals="4" methods="3" coveredmethods="2" elements="24" coveredelements="20" complexity="0" loc="17" ncloc="17" packages="1" files="1" classes="1"/>
    <file name="testData.js" path="C:\Users\Yauhen_Bialetski\WebstormProjects\it-academy-24-1\lesson_15_1\testData.js">
      <metrics statements="17" coveredstatements="14" conditionals="4" coveredconditionals="4" methods="3" coveredmethods="2"/>
      <line num="1" count="20" type="cond" truecount="1" falsecount="0"/>
      <line num="2" count="20" type="stmt"/>
      <line num="3" count="20" type="stmt"/>
      <line num="4" count="1" type="stmt"/>
      <line num="5" count="1" type="cond" truecount="1" falsecount="0"/>
      <line num="6" count="1" type="cond" truecount="1" falsecount="0"/>
      <line num="7" count="1" type="cond" truecount="1" falsecount="0"/>
      <line num="8" count="1" type="stmt"/>
      <line num="9" count="1" type="stmt"/>
      <line num="10" count="1" type="stmt"/>
      <line num="11" count="1" type="stmt"/>
      <line num="12" count="1" type="stmt"/>
      <line num="13" count="0" type="stmt"/>
      <line num="14" count="0" type="stmt"/>
      <line num="15" count="0" type="stmt"/>
      <line num="16" count="1" type="stmt"/>
      <line num="17" count="1" type="stmt"/>
    </file>
  </project>
</coverage>
