{"C:\\Users\\Yauhen_Bialetski\\WebstormProjects\\it-academy-24-1\\lesson_15_1\\testData.js": {"path":"C:\\Users\\Yauhen_Bialetski\\WebstormProjects\\it-academy-24-1\\lesson_15_1\\testData.js","all":false,"statementMap":{"0":{"start":{"line":1,"column":0},"end":{"line":1,"column":32}},"1":{"start":{"line":2,"column":0},"end":{"line":2,"column":27}},"2":{"start":{"line":3,"column":0},"end":{"line":3,"column":1}},"3":{"start":{"line":4,"column":0},"end":{"line":4,"column":0}},"4":{"start":{"line":5,"column":0},"end":{"line":5,"column":24}},"5":{"start":{"line":6,"column":0},"end":{"line":6,"column":31}},"6":{"start":{"line":7,"column":0},"end":{"line":7,"column":26}},"7":{"start":{"line":8,"column":0},"end":{"line":8,"column":24}},"8":{"start":{"line":9,"column":0},"end":{"line":9,"column":16}},"9":{"start":{"line":10,"column":0},"end":{"line":10,"column":6}},"10":{"start":{"line":11,"column":0},"end":{"line":11,"column":1}},"11":{"start":{"line":12,"column":0},"end":{"line":12,"column":0}},"12":{"start":{"line":13,"column":0},"end":{"line":13,"column":30}},"13":{"start":{"line":14,"column":0},"end":{"line":14,"column":27}},"14":{"start":{"line":15,"column":0},"end":{"line":15,"column":1}},"15":{"start":{"line":16,"column":0},"end":{"line":16,"column":0}},"16":{"start":{"line":17,"column":0},"end":{"line":17,"column":32}}},"s":{"0":20,"1":20,"2":20,"3":1,"4":1,"5":1,"6":1,"7":1,"8":1,"9":1,"10":1,"11":1,"12":0,"13":0,"14":0,"15":1,"16":1},"branchMap":{"0":{"type":"branch","line":1,"loc":{"start":{"line":1,"column":0},"end":{"line":3,"column":1}},"locations":[{"start":{"line":1,"column":0},"end":{"line":3,"column":1}}]},"1":{"type":"branch","line":5,"loc":{"start":{"line":5,"column":0},"end":{"line":11,"column":1}},"locations":[{"start":{"line":5,"column":0},"end":{"line":11,"column":1}}]},"2":{"type":"branch","line":6,"loc":{"start":{"line":6,"column":23},"end":{"line":10,"column":5}},"locations":[{"start":{"line":6,"column":23},"end":{"line":10,"column":5}}]},"3":{"type":"branch","line":7,"loc":{"start":{"line":7,"column":19},"end":{"line":9,"column":9}},"locations":[{"start":{"line":7,"column":19},"end":{"line":9,"column":9}}]}},"b":{"0":[20],"1":[1],"2":[1],"3":[1]},"fnMap":{"0":{"name":"greet","decl":{"start":{"line":1,"column":0},"end":{"line":3,"column":1}},"loc":{"start":{"line":1,"column":0},"end":{"line":3,"column":1}},"line":1},"1":{"name":"pause","decl":{"start":{"line":5,"column":0},"end":{"line":11,"column":1}},"loc":{"start":{"line":5,"column":0},"end":{"line":11,"column":1}},"line":5},"2":{"name":"add","decl":{"start":{"line":13,"column":0},"end":{"line":15,"column":1}},"loc":{"start":{"line":13,"column":0},"end":{"line":15,"column":1}},"line":13}},"f":{"0":20,"1":1,"2":0}}
}
